<?xml version="1.0" encoding="UTF-8"?>
<!-- Generated by org.testng.reporters.JUnitXMLReporter -->
<testsuite ignored="0" hostname="LAPTOP-CVR9HVBP" failures="0" tests="7" name="Default test" time="167.592" errors="0" timestamp="2020-03-28T16:13:52 IST">
  <testcase classname="TESTCASES.test_chrome" name="login_test" time="13.46"/>
  <testcase classname="TESTCASES.test_chrome" name="search_test1" time="5.184"/>
  <testcase classname="TESTCASES.test_chrome" name="search_test1" time="3.64"/>
  <testcase classname="TESTCASES.test_chrome" name="search_test1" time="3.219"/>
  <testcase classname="TESTCASES.test_chrome" name="serch_test" time="4.841"/>
  <testcase classname="TESTCASES.test_chrome" name="serch_test" time="2.881"/>
  <testcase classname="TESTCASES.test_chrome" name="serch_test" time="3.301"/>
</testsuite> <!-- Default test -->
