<?xml version="1.0" encoding="UTF-8"?>
<!-- Generated by org.testng.reporters.JUnitXMLReporter -->
<testsuite ignored="0" hostname="LAPTOP-CVR9HVBP" failures="0" tests="14" name="Test" time="488.889" errors="0" timestamp="2020-03-28T17:07:27 IST">
  <testcase classname="TESTCASES.Test1" name="login_test" time="10.653"/>
  <testcase classname="TESTCASES.Test1" name="search_test_parameter" time="8.14"/>
  <testcase classname="TESTCASES.Test1" name="search_test_parameter" time="8.011"/>
  <testcase classname="TESTCASES.Test1" name="search_test_parameter" time="9.024"/>
  <testcase classname="TESTCASES.Test1" name="serch_test_project" time="5.124"/>
  <testcase classname="TESTCASES.Test1" name="serch_test_project" time="4.628"/>
  <testcase classname="TESTCASES.Test1" name="serch_test_project" time="3.623"/>
  <testcase classname="TESTCASES.Test2" name="login_test" time="5.954"/>
  <testcase classname="TESTCASES.Test2" name="search_test_parameter" time="3.524"/>
  <testcase classname="TESTCASES.Test2" name="search_test_parameter" time="3.481"/>
  <testcase classname="TESTCASES.Test2" name="search_test_parameter" time="3.18"/>
  <testcase classname="TESTCASES.Test2" name="serch_test_project" time="4.071"/>
  <testcase classname="TESTCASES.Test2" name="serch_test_project" time="4.649"/>
  <testcase classname="TESTCASES.Test2" name="serch_test_project" time="3.949"/>
</testsuite> <!-- Test -->
