<?xml version="1.0" encoding="UTF-8"?>
<!-- Generated by org.testng.reporters.JUnitXMLReporter -->
<testsuite ignored="0" hostname="LAPTOP-CVR9HVBP" failures="0" tests="10" name="Test" time="433.218" errors="0" timestamp="2020-03-25T21:10:51 IST">
  <testcase classname="TESTCASES.test_chrome" name="f" time="26.837"/>
  <testcase classname="TESTCASES.test_chrome" name="f" time="9.565"/>
  <testcase classname="TESTCASES.test_chrome" name="f" time="13.67"/>
  <testcase classname="TESTCASES.test_chrome" name="f" time="14.75"/>
  <testcase classname="TESTCASES.test_chrome" name="f" time="8.989"/>
  <testcase classname="TESTCASES.test_firefox" name="f" time="12.133"/>
  <testcase classname="TESTCASES.test_firefox" name="f" time="9.147"/>
  <testcase classname="TESTCASES.test_firefox" name="f" time="9.633"/>
  <testcase classname="TESTCASES.test_firefox" name="f" time="11.107"/>
  <testcase classname="TESTCASES.test_firefox" name="f" time="8.55"/>
</testsuite> <!-- Test -->
