<?xml version="1.0" encoding="UTF-8"?>
<testng-results ignored="0" total="14" passed="14" failed="0" skipped="0">
  <reporter-output>
  </reporter-output>
  <suite started-at="2020-03-28T16:59:18 IST" name="Suite" finished-at="2020-03-28T17:07:27 IST" duration-ms="488889">
    <groups>
    </groups>
    <test started-at="2020-03-28T16:59:18 IST" name="Test" finished-at="2020-03-28T17:07:27 IST" duration-ms="488889">
      <class name="TESTCASES.Test1">
        <test-method is-config="true" signature="lanuchBrowser()[pri:0, instance:TESTCASES.Test1@214b199c]" started-at="2020-03-28T16:59:22 IST" name="lanuchBrowser" finished-at="2020-03-28T16:59:44 IST" duration-ms="21920" status="PASS">
          <reporter-output>
          </reporter-output>
        </test-method> <!-- lanuchBrowser -->
        <test-method signature="login_test(java.lang.String, java.lang.String)[pri:0, instance:TESTCASES.Test1@214b199c]" started-at="2020-03-28T16:59:44 IST" name="login_test" data-provider="login" finished-at="2020-03-28T16:59:55 IST" duration-ms="10653" status="PASS">
          <params>
            <param index="0">
              <value>
                <![CDATA[admin]]>
              </value>
            </param>
            <param index="1">
              <value>
                <![CDATA[admin]]>
              </value>
            </param>
          </params>
          <reporter-output>
          </reporter-output>
        </test-method> <!-- login_test -->
        <test-method is-config="true" signature="closeBrowser()[pri:0, instance:TESTCASES.Test1@214b199c]" started-at="2020-03-28T16:59:55 IST" name="closeBrowser" finished-at="2020-03-28T17:00:01 IST" duration-ms="6276" status="PASS">
          <reporter-output>
          </reporter-output>
        </test-method> <!-- closeBrowser -->
        <test-method is-config="true" signature="lanuchBrowser()[pri:0, instance:TESTCASES.Test1@214b199c]" started-at="2020-03-28T17:00:01 IST" name="lanuchBrowser" finished-at="2020-03-28T17:00:26 IST" duration-ms="24927" status="PASS">
          <reporter-output>
          </reporter-output>
        </test-method> <!-- lanuchBrowser -->
        <test-method signature="search_test_parameter(java.lang.String, java.lang.String, java.lang.String, java.lang.String, java.lang.String, java.lang.String)[pri:1, instance:TESTCASES.Test1@214b199c]" started-at="2020-03-28T17:00:26 IST" name="search_test_parameter" data-provider="serch_parameter" finished-at="2020-03-28T17:00:34 IST" duration-ms="8140" status="PASS">
          <params>
            <param index="0">
              <value>
                <![CDATA[CodeCharge]]>
              </value>
            </param>
            <param index="1">
              <value>
                <![CDATA[All]]>
              </value>
            </param>
            <param index="2">
              <value>
                <![CDATA[All]]>
              </value>
            </param>
            <param index="3">
              <value>
                <![CDATA[All]]>
              </value>
            </param>
            <param index="4">
              <value>
                <![CDATA[All]]>
              </value>
            </param>
            <param index="5">
              <value>
                <![CDATA[CodeCharge]]>
              </value>
            </param>
          </params>
          <reporter-output>
          </reporter-output>
        </test-method> <!-- search_test_parameter -->
        <test-method is-config="true" signature="closeBrowser()[pri:0, instance:TESTCASES.Test1@214b199c]" started-at="2020-03-28T17:00:34 IST" name="closeBrowser" finished-at="2020-03-28T17:00:38 IST" duration-ms="3480" status="PASS">
          <reporter-output>
          </reporter-output>
        </test-method> <!-- closeBrowser -->
        <test-method is-config="true" signature="lanuchBrowser()[pri:0, instance:TESTCASES.Test1@214b199c]" started-at="2020-03-28T17:00:38 IST" name="lanuchBrowser" finished-at="2020-03-28T17:00:57 IST" duration-ms="19086" status="PASS">
          <reporter-output>
          </reporter-output>
        </test-method> <!-- lanuchBrowser -->
        <test-method signature="search_test_parameter(java.lang.String, java.lang.String, java.lang.String, java.lang.String, java.lang.String, java.lang.String)[pri:1, instance:TESTCASES.Test1@214b199c]" started-at="2020-03-28T17:00:57 IST" name="search_test_parameter" data-provider="serch_parameter" finished-at="2020-03-28T17:01:05 IST" duration-ms="8011" status="PASS">
          <params>
            <param index="0">
              <value>
                <![CDATA[All]]>
              </value>
            </param>
            <param index="1">
              <value>
                <![CDATA[High]]>
              </value>
            </param>
            <param index="2">
              <value>
                <![CDATA[All]]>
              </value>
            </param>
            <param index="3">
              <value>
                <![CDATA[All]]>
              </value>
            </param>
            <param index="4">
              <value>
                <![CDATA[All]]>
              </value>
            </param>
            <param index="5">
              <value>
                <![CDATA[High]]>
              </value>
            </param>
          </params>
          <reporter-output>
          </reporter-output>
        </test-method> <!-- search_test_parameter -->
        <test-method is-config="true" signature="closeBrowser()[pri:0, instance:TESTCASES.Test1@214b199c]" started-at="2020-03-28T17:01:05 IST" name="closeBrowser" finished-at="2020-03-28T17:01:07 IST" duration-ms="2374" status="PASS">
          <reporter-output>
          </reporter-output>
        </test-method> <!-- closeBrowser -->
        <test-method is-config="true" signature="lanuchBrowser()[pri:0, instance:TESTCASES.Test1@214b199c]" started-at="2020-03-28T17:01:07 IST" name="lanuchBrowser" finished-at="2020-03-28T17:01:25 IST" duration-ms="17607" status="PASS">
          <reporter-output>
          </reporter-output>
        </test-method> <!-- lanuchBrowser -->
        <test-method signature="search_test_parameter(java.lang.String, java.lang.String, java.lang.String, java.lang.String, java.lang.String, java.lang.String)[pri:1, instance:TESTCASES.Test1@214b199c]" started-at="2020-03-28T17:01:25 IST" name="search_test_parameter" data-provider="serch_parameter" finished-at="2020-03-28T17:01:34 IST" duration-ms="9024" status="PASS">
          <params>
            <param index="0">
              <value>
                <![CDATA[All]]>
              </value>
            </param>
            <param index="1">
              <value>
                <![CDATA[All]]>
              </value>
            </param>
            <param index="2">
              <value>
                <![CDATA[Closed]]>
              </value>
            </param>
            <param index="3">
              <value>
                <![CDATA[All]]>
              </value>
            </param>
            <param index="4">
              <value>
                <![CDATA[All]]>
              </value>
            </param>
            <param index="5">
              <value>
                <![CDATA[Closed]]>
              </value>
            </param>
          </params>
          <reporter-output>
          </reporter-output>
        </test-method> <!-- search_test_parameter -->
        <test-method is-config="true" signature="closeBrowser()[pri:0, instance:TESTCASES.Test1@214b199c]" started-at="2020-03-28T17:01:34 IST" name="closeBrowser" finished-at="2020-03-28T17:01:36 IST" duration-ms="2224" status="PASS">
          <reporter-output>
          </reporter-output>
        </test-method> <!-- closeBrowser -->
        <test-method is-config="true" signature="lanuchBrowser()[pri:0, instance:TESTCASES.Test1@214b199c]" started-at="2020-03-28T17:01:36 IST" name="lanuchBrowser" finished-at="2020-03-28T17:01:55 IST" duration-ms="19213" status="PASS">
          <reporter-output>
          </reporter-output>
        </test-method> <!-- lanuchBrowser -->
        <test-method signature="serch_test_project(java.lang.String, java.lang.String, java.lang.String, java.lang.String, java.lang.String, java.lang.String)[pri:2, instance:TESTCASES.Test1@214b199c]" started-at="2020-03-28T17:01:55 IST" name="serch_test_project" data-provider="project_serch" finished-at="2020-03-28T17:02:01 IST" duration-ms="5124" status="PASS">
          <params>
            <param index="0">
              <value>
                <![CDATA[Test this project]]>
              </value>
            </param>
            <param index="1">
              <value>
                <![CDATA[Test Project]]>
              </value>
            </param>
            <param index="2">
              <value>
                <![CDATA[High]]>
              </value>
            </param>
            <param index="3">
              <value>
                <![CDATA[In progress]]>
              </value>
            </param>
            <param index="4">
              <value>
                <![CDATA[Task]]>
              </value>
            </param>
            <param index="5">
              <value>
                <![CDATA[Ken Price]]>
              </value>
            </param>
          </params>
          <reporter-output>
          </reporter-output>
        </test-method> <!-- serch_test_project -->
        <test-method is-config="true" signature="closeBrowser()[pri:0, instance:TESTCASES.Test1@214b199c]" started-at="2020-03-28T17:02:01 IST" name="closeBrowser" finished-at="2020-03-28T17:02:05 IST" duration-ms="4585" status="PASS">
          <reporter-output>
          </reporter-output>
        </test-method> <!-- closeBrowser -->
        <test-method is-config="true" signature="lanuchBrowser()[pri:0, instance:TESTCASES.Test1@214b199c]" started-at="2020-03-28T17:02:05 IST" name="lanuchBrowser" finished-at="2020-03-28T17:02:21 IST" duration-ms="15869" status="PASS">
          <reporter-output>
          </reporter-output>
        </test-method> <!-- lanuchBrowser -->
        <test-method signature="serch_test_project(java.lang.String, java.lang.String, java.lang.String, java.lang.String, java.lang.String, java.lang.String)[pri:2, instance:TESTCASES.Test1@214b199c]" started-at="2020-03-28T17:02:21 IST" name="serch_test_project" data-provider="project_serch" finished-at="2020-03-28T17:02:26 IST" duration-ms="4628" status="PASS">
          <params>
            <param index="0">
              <value>
                <![CDATA[Get armed]]>
              </value>
            </param>
            <param index="1">
              <value>
                <![CDATA[Test Project]]>
              </value>
            </param>
            <param index="2">
              <value>
                <![CDATA[Highest]]>
              </value>
            </param>
            <param index="3">
              <value>
                <![CDATA[On hold]]>
              </value>
            </param>
            <param index="4">
              <value>
                <![CDATA[Task]]>
              </value>
            </param>
            <param index="5">
              <value>
                <![CDATA[Helen Deering]]>
              </value>
            </param>
          </params>
          <reporter-output>
          </reporter-output>
        </test-method> <!-- serch_test_project -->
        <test-method is-config="true" signature="closeBrowser()[pri:0, instance:TESTCASES.Test1@214b199c]" started-at="2020-03-28T17:02:26 IST" name="closeBrowser" finished-at="2020-03-28T17:02:27 IST" duration-ms="1386" status="PASS">
          <reporter-output>
          </reporter-output>
        </test-method> <!-- closeBrowser -->
        <test-method is-config="true" signature="lanuchBrowser()[pri:0, instance:TESTCASES.Test1@214b199c]" started-at="2020-03-28T17:02:27 IST" name="lanuchBrowser" finished-at="2020-03-28T17:02:43 IST" duration-ms="15508" status="PASS">
          <reporter-output>
          </reporter-output>
        </test-method> <!-- lanuchBrowser -->
        <test-method signature="serch_test_project(java.lang.String, java.lang.String, java.lang.String, java.lang.String, java.lang.String, java.lang.String)[pri:2, instance:TESTCASES.Test1@214b199c]" started-at="2020-03-28T17:02:43 IST" name="serch_test_project" data-provider="project_serch" finished-at="2020-03-28T17:02:46 IST" duration-ms="3623" status="PASS">
          <params>
            <param index="0">
              <value>
                <![CDATA[Great Project needs to be greater]]>
              </value>
            </param>
            <param index="1">
              <value>
                <![CDATA[CodeCharge]]>
              </value>
            </param>
            <param index="2">
              <value>
                <![CDATA[High]]>
              </value>
            </param>
            <param index="3">
              <value>
                <![CDATA[On hold]]>
              </value>
            </param>
            <param index="4">
              <value>
                <![CDATA[Issue]]>
              </value>
            </param>
            <param index="5">
              <value>
                <![CDATA[Helen Deering]]>
              </value>
            </param>
          </params>
          <reporter-output>
          </reporter-output>
        </test-method> <!-- serch_test_project -->
        <test-method is-config="true" signature="closeBrowser()[pri:0, instance:TESTCASES.Test1@214b199c]" started-at="2020-03-28T17:02:46 IST" name="closeBrowser" finished-at="2020-03-28T17:02:48 IST" duration-ms="1696" status="PASS">
          <reporter-output>
          </reporter-output>
        </test-method> <!-- closeBrowser -->
      </class> <!-- TESTCASES.Test1 -->
      <class name="TESTCASES.Test2">
        <test-method is-config="true" signature="lanuchBrowser()[pri:0, instance:TESTCASES.Test2@20d3d15a]" started-at="2020-03-28T17:02:48 IST" name="lanuchBrowser" finished-at="2020-03-28T17:03:53 IST" duration-ms="64756" status="PASS">
          <reporter-output>
          </reporter-output>
        </test-method> <!-- lanuchBrowser -->
        <test-method signature="login_test(java.lang.String, java.lang.String)[pri:0, instance:TESTCASES.Test2@20d3d15a]" started-at="2020-03-28T17:03:53 IST" name="login_test" data-provider="login" finished-at="2020-03-28T17:03:59 IST" duration-ms="5954" status="PASS">
          <params>
            <param index="0">
              <value>
                <![CDATA[admin]]>
              </value>
            </param>
            <param index="1">
              <value>
                <![CDATA[admin]]>
              </value>
            </param>
          </params>
          <reporter-output>
          </reporter-output>
        </test-method> <!-- login_test -->
        <test-method is-config="true" signature="closeBrowser()[pri:0, instance:TESTCASES.Test2@20d3d15a]" started-at="2020-03-28T17:03:59 IST" name="closeBrowser" finished-at="2020-03-28T17:04:07 IST" duration-ms="8712" status="PASS">
          <reporter-output>
          </reporter-output>
        </test-method> <!-- closeBrowser -->
        <test-method is-config="true" signature="lanuchBrowser()[pri:0, instance:TESTCASES.Test2@20d3d15a]" started-at="2020-03-28T17:04:08 IST" name="lanuchBrowser" finished-at="2020-03-28T17:04:33 IST" duration-ms="25839" status="PASS">
          <reporter-output>
          </reporter-output>
        </test-method> <!-- lanuchBrowser -->
        <test-method signature="search_test_parameter(java.lang.String, java.lang.String, java.lang.String, java.lang.String, java.lang.String, java.lang.String)[pri:1, instance:TESTCASES.Test2@20d3d15a]" started-at="2020-03-28T17:04:33 IST" name="search_test_parameter" data-provider="serch_parameter" finished-at="2020-03-28T17:04:37 IST" duration-ms="3524" status="PASS">
          <params>
            <param index="0">
              <value>
                <![CDATA[CodeCharge]]>
              </value>
            </param>
            <param index="1">
              <value>
                <![CDATA[All]]>
              </value>
            </param>
            <param index="2">
              <value>
                <![CDATA[All]]>
              </value>
            </param>
            <param index="3">
              <value>
                <![CDATA[All]]>
              </value>
            </param>
            <param index="4">
              <value>
                <![CDATA[All]]>
              </value>
            </param>
            <param index="5">
              <value>
                <![CDATA[CodeCharge]]>
              </value>
            </param>
          </params>
          <reporter-output>
          </reporter-output>
        </test-method> <!-- search_test_parameter -->
        <test-method is-config="true" signature="closeBrowser()[pri:0, instance:TESTCASES.Test2@20d3d15a]" started-at="2020-03-28T17:04:37 IST" name="closeBrowser" finished-at="2020-03-28T17:04:44 IST" duration-ms="6665" status="PASS">
          <reporter-output>
          </reporter-output>
        </test-method> <!-- closeBrowser -->
        <test-method is-config="true" signature="lanuchBrowser()[pri:0, instance:TESTCASES.Test2@20d3d15a]" started-at="2020-03-28T17:04:44 IST" name="lanuchBrowser" finished-at="2020-03-28T17:05:07 IST" duration-ms="23173" status="PASS">
          <reporter-output>
          </reporter-output>
        </test-method> <!-- lanuchBrowser -->
        <test-method signature="search_test_parameter(java.lang.String, java.lang.String, java.lang.String, java.lang.String, java.lang.String, java.lang.String)[pri:1, instance:TESTCASES.Test2@20d3d15a]" started-at="2020-03-28T17:05:07 IST" name="search_test_parameter" data-provider="serch_parameter" finished-at="2020-03-28T17:05:10 IST" duration-ms="3481" status="PASS">
          <params>
            <param index="0">
              <value>
                <![CDATA[All]]>
              </value>
            </param>
            <param index="1">
              <value>
                <![CDATA[High]]>
              </value>
            </param>
            <param index="2">
              <value>
                <![CDATA[All]]>
              </value>
            </param>
            <param index="3">
              <value>
                <![CDATA[All]]>
              </value>
            </param>
            <param index="4">
              <value>
                <![CDATA[All]]>
              </value>
            </param>
            <param index="5">
              <value>
                <![CDATA[High]]>
              </value>
            </param>
          </params>
          <reporter-output>
          </reporter-output>
        </test-method> <!-- search_test_parameter -->
        <test-method is-config="true" signature="closeBrowser()[pri:0, instance:TESTCASES.Test2@20d3d15a]" started-at="2020-03-28T17:05:10 IST" name="closeBrowser" finished-at="2020-03-28T17:05:17 IST" duration-ms="6977" status="PASS">
          <reporter-output>
          </reporter-output>
        </test-method> <!-- closeBrowser -->
        <test-method is-config="true" signature="lanuchBrowser()[pri:0, instance:TESTCASES.Test2@20d3d15a]" started-at="2020-03-28T17:05:17 IST" name="lanuchBrowser" finished-at="2020-03-28T17:05:40 IST" duration-ms="22440" status="PASS">
          <reporter-output>
          </reporter-output>
        </test-method> <!-- lanuchBrowser -->
        <test-method signature="search_test_parameter(java.lang.String, java.lang.String, java.lang.String, java.lang.String, java.lang.String, java.lang.String)[pri:1, instance:TESTCASES.Test2@20d3d15a]" started-at="2020-03-28T17:05:40 IST" name="search_test_parameter" data-provider="serch_parameter" finished-at="2020-03-28T17:05:43 IST" duration-ms="3180" status="PASS">
          <params>
            <param index="0">
              <value>
                <![CDATA[All]]>
              </value>
            </param>
            <param index="1">
              <value>
                <![CDATA[All]]>
              </value>
            </param>
            <param index="2">
              <value>
                <![CDATA[Closed]]>
              </value>
            </param>
            <param index="3">
              <value>
                <![CDATA[All]]>
              </value>
            </param>
            <param index="4">
              <value>
                <![CDATA[All]]>
              </value>
            </param>
            <param index="5">
              <value>
                <![CDATA[Closed]]>
              </value>
            </param>
          </params>
          <reporter-output>
          </reporter-output>
        </test-method> <!-- search_test_parameter -->
        <test-method is-config="true" signature="closeBrowser()[pri:0, instance:TESTCASES.Test2@20d3d15a]" started-at="2020-03-28T17:05:43 IST" name="closeBrowser" finished-at="2020-03-28T17:05:50 IST" duration-ms="6924" status="PASS">
          <reporter-output>
          </reporter-output>
        </test-method> <!-- closeBrowser -->
        <test-method is-config="true" signature="lanuchBrowser()[pri:0, instance:TESTCASES.Test2@20d3d15a]" started-at="2020-03-28T17:05:50 IST" name="lanuchBrowser" finished-at="2020-03-28T17:06:09 IST" duration-ms="19090" status="PASS">
          <reporter-output>
          </reporter-output>
        </test-method> <!-- lanuchBrowser -->
        <test-method signature="serch_test_project(java.lang.String, java.lang.String, java.lang.String, java.lang.String, java.lang.String, java.lang.String)[pri:2, instance:TESTCASES.Test2@20d3d15a]" started-at="2020-03-28T17:06:09 IST" name="serch_test_project" data-provider="project_serch" finished-at="2020-03-28T17:06:13 IST" duration-ms="4071" status="PASS">
          <params>
            <param index="0">
              <value>
                <![CDATA[Test this project]]>
              </value>
            </param>
            <param index="1">
              <value>
                <![CDATA[Test Project]]>
              </value>
            </param>
            <param index="2">
              <value>
                <![CDATA[High]]>
              </value>
            </param>
            <param index="3">
              <value>
                <![CDATA[In progress]]>
              </value>
            </param>
            <param index="4">
              <value>
                <![CDATA[Task]]>
              </value>
            </param>
            <param index="5">
              <value>
                <![CDATA[Ken Price]]>
              </value>
            </param>
          </params>
          <reporter-output>
          </reporter-output>
        </test-method> <!-- serch_test_project -->
        <test-method is-config="true" signature="closeBrowser()[pri:0, instance:TESTCASES.Test2@20d3d15a]" started-at="2020-03-28T17:06:13 IST" name="closeBrowser" finished-at="2020-03-28T17:06:19 IST" duration-ms="5704" status="PASS">
          <reporter-output>
          </reporter-output>
        </test-method> <!-- closeBrowser -->
        <test-method is-config="true" signature="lanuchBrowser()[pri:0, instance:TESTCASES.Test2@20d3d15a]" started-at="2020-03-28T17:06:19 IST" name="lanuchBrowser" finished-at="2020-03-28T17:06:42 IST" duration-ms="23391" status="PASS">
          <reporter-output>
          </reporter-output>
        </test-method> <!-- lanuchBrowser -->
        <test-method signature="serch_test_project(java.lang.String, java.lang.String, java.lang.String, java.lang.String, java.lang.String, java.lang.String)[pri:2, instance:TESTCASES.Test2@20d3d15a]" started-at="2020-03-28T17:06:42 IST" name="serch_test_project" data-provider="project_serch" finished-at="2020-03-28T17:06:47 IST" duration-ms="4649" status="PASS">
          <params>
            <param index="0">
              <value>
                <![CDATA[Get armed]]>
              </value>
            </param>
            <param index="1">
              <value>
                <![CDATA[Test Project]]>
              </value>
            </param>
            <param index="2">
              <value>
                <![CDATA[Highest]]>
              </value>
            </param>
            <param index="3">
              <value>
                <![CDATA[On hold]]>
              </value>
            </param>
            <param index="4">
              <value>
                <![CDATA[Task]]>
              </value>
            </param>
            <param index="5">
              <value>
                <![CDATA[Helen Deering]]>
              </value>
            </param>
          </params>
          <reporter-output>
          </reporter-output>
        </test-method> <!-- serch_test_project -->
        <test-method is-config="true" signature="closeBrowser()[pri:0, instance:TESTCASES.Test2@20d3d15a]" started-at="2020-03-28T17:06:47 IST" name="closeBrowser" finished-at="2020-03-28T17:06:54 IST" duration-ms="7428" status="PASS">
          <reporter-output>
          </reporter-output>
        </test-method> <!-- closeBrowser -->
        <test-method is-config="true" signature="lanuchBrowser()[pri:0, instance:TESTCASES.Test2@20d3d15a]" started-at="2020-03-28T17:06:54 IST" name="lanuchBrowser" finished-at="2020-03-28T17:07:17 IST" duration-ms="22695" status="PASS">
          <reporter-output>
          </reporter-output>
        </test-method> <!-- lanuchBrowser -->
        <test-method signature="serch_test_project(java.lang.String, java.lang.String, java.lang.String, java.lang.String, java.lang.String, java.lang.String)[pri:2, instance:TESTCASES.Test2@20d3d15a]" started-at="2020-03-28T17:07:17 IST" name="serch_test_project" data-provider="project_serch" finished-at="2020-03-28T17:07:21 IST" duration-ms="3949" status="PASS">
          <params>
            <param index="0">
              <value>
                <![CDATA[Great Project needs to be greater]]>
              </value>
            </param>
            <param index="1">
              <value>
                <![CDATA[CodeCharge]]>
              </value>
            </param>
            <param index="2">
              <value>
                <![CDATA[High]]>
              </value>
            </param>
            <param index="3">
              <value>
                <![CDATA[On hold]]>
              </value>
            </param>
            <param index="4">
              <value>
                <![CDATA[Issue]]>
              </value>
            </param>
            <param index="5">
              <value>
                <![CDATA[Helen Deering]]>
              </value>
            </param>
          </params>
          <reporter-output>
          </reporter-output>
        </test-method> <!-- serch_test_project -->
        <test-method is-config="true" signature="closeBrowser()[pri:0, instance:TESTCASES.Test2@20d3d15a]" started-at="2020-03-28T17:07:21 IST" name="closeBrowser" finished-at="2020-03-28T17:07:27 IST" duration-ms="5999" status="PASS">
          <reporter-output>
          </reporter-output>
        </test-method> <!-- closeBrowser -->
      </class> <!-- TESTCASES.Test2 -->
    </test> <!-- Test -->
  </suite> <!-- Suite -->
</testng-results>
