<?xml version="1.0" encoding="UTF-8"?>
<testsuite xmlns:xsi="http://www.w3.org/2001/XMLSchema-instance" xsi:noNamespaceSchemaLocation="https://maven.apache.org/surefire/maven-surefire-plugin/xsd/surefire-test-report.xsd" name="TestSuite" time="435.588" tests="10" errors="0" skipped="0" failures="0">
  <properties>
[...]
</properties>
  <testcase name="f" classname="TESTCASES.test_chrome" time="26.847"/>
  <testcase name="f" classname="TESTCASES.test_chrome" time="9.563"/>
  <testcase name="f" classname="TESTCASES.test_chrome" time="13.671"/>
  <testcase name="f" classname="TESTCASES.test_chrome" time="14.752"/>
  <testcase name="f" classname="TESTCASES.test_chrome" time="8.992"/>
  <testcase name="f" classname="TESTCASES.test_firefox" time="12.136"/>
  <testcase name="f" classname="TESTCASES.test_firefox" time="9.145"/>
  <testcase name="f" classname="TESTCASES.test_firefox" time="9.634"/>
  <testcase name="f" classname="TESTCASES.test_firefox" time="11.124"/>
  <testcase name="f" classname="TESTCASES.test_firefox" time="8.559"/>
</testsuite>