<?xml version="1.0" encoding="UTF-8"?>
<testng-results ignored="0" total="10" passed="10" failed="0" skipped="0">
  <reporter-output>
  </reporter-output>
  <suite started-at="2020-03-25T21:03:37 IST" name="Suite" finished-at="2020-03-25T21:10:51 IST" duration-ms="433218">
    <groups>
    </groups>
    <test started-at="2020-03-25T21:03:37 IST" name="Test" finished-at="2020-03-25T21:10:51 IST" duration-ms="433218">
      <class name="TESTCASES.test_chrome">
        <test-method is-config="true" signature="beforeMethod()[pri:0, instance:TESTCASES.test_chrome@5b0abc94]" started-at="2020-03-25T21:03:40 IST" name="beforeMethod" finished-at="2020-03-25T21:04:08 IST" duration-ms="27462" status="PASS">
          <reporter-output>
          </reporter-output>
        </test-method> <!-- beforeMethod -->
        <test-method signature="f(java.lang.String, java.lang.String, java.lang.String, java.lang.String, java.lang.String, java.lang.String)[pri:0, instance:TESTCASES.test_chrome@5b0abc94]" started-at="2020-03-25T21:04:08 IST" name="f" data-provider="dp" finished-at="2020-03-25T21:04:35 IST" duration-ms="26837" status="PASS">
          <params>
            <param index="0">
              <value>
                <![CDATA[CodeCharge]]>
              </value>
            </param>
            <param index="1">
              <value>
                <![CDATA[All]]>
              </value>
            </param>
            <param index="2">
              <value>
                <![CDATA[All]]>
              </value>
            </param>
            <param index="3">
              <value>
                <![CDATA[All]]>
              </value>
            </param>
            <param index="4">
              <value>
                <![CDATA[All]]>
              </value>
            </param>
            <param index="5">
              <value>
                <![CDATA[CodeCharge]]>
              </value>
            </param>
          </params>
          <reporter-output>
          </reporter-output>
        </test-method> <!-- f -->
        <test-method is-config="true" signature="afterMethod()[pri:0, instance:TESTCASES.test_chrome@5b0abc94]" started-at="2020-03-25T21:04:35 IST" name="afterMethod" finished-at="2020-03-25T21:04:40 IST" duration-ms="5755" status="PASS">
          <reporter-output>
          </reporter-output>
        </test-method> <!-- afterMethod -->
        <test-method is-config="true" signature="beforeMethod()[pri:0, instance:TESTCASES.test_chrome@5b0abc94]" started-at="2020-03-25T21:04:40 IST" name="beforeMethod" finished-at="2020-03-25T21:05:01 IST" duration-ms="20574" status="PASS">
          <reporter-output>
          </reporter-output>
        </test-method> <!-- beforeMethod -->
        <test-method signature="f(java.lang.String, java.lang.String, java.lang.String, java.lang.String, java.lang.String, java.lang.String)[pri:0, instance:TESTCASES.test_chrome@5b0abc94]" started-at="2020-03-25T21:05:01 IST" name="f" data-provider="dp" finished-at="2020-03-25T21:05:11 IST" duration-ms="9565" status="PASS">
          <params>
            <param index="0">
              <value>
                <![CDATA[All]]>
              </value>
            </param>
            <param index="1">
              <value>
                <![CDATA[High]]>
              </value>
            </param>
            <param index="2">
              <value>
                <![CDATA[All]]>
              </value>
            </param>
            <param index="3">
              <value>
                <![CDATA[All]]>
              </value>
            </param>
            <param index="4">
              <value>
                <![CDATA[All]]>
              </value>
            </param>
            <param index="5">
              <value>
                <![CDATA[High]]>
              </value>
            </param>
          </params>
          <reporter-output>
          </reporter-output>
        </test-method> <!-- f -->
        <test-method is-config="true" signature="afterMethod()[pri:0, instance:TESTCASES.test_chrome@5b0abc94]" started-at="2020-03-25T21:05:11 IST" name="afterMethod" finished-at="2020-03-25T21:05:15 IST" duration-ms="4395" status="PASS">
          <reporter-output>
          </reporter-output>
        </test-method> <!-- afterMethod -->
        <test-method is-config="true" signature="beforeMethod()[pri:0, instance:TESTCASES.test_chrome@5b0abc94]" started-at="2020-03-25T21:05:15 IST" name="beforeMethod" finished-at="2020-03-25T21:05:32 IST" duration-ms="16908" status="PASS">
          <reporter-output>
          </reporter-output>
        </test-method> <!-- beforeMethod -->
        <test-method signature="f(java.lang.String, java.lang.String, java.lang.String, java.lang.String, java.lang.String, java.lang.String)[pri:0, instance:TESTCASES.test_chrome@5b0abc94]" started-at="2020-03-25T21:05:32 IST" name="f" data-provider="dp" finished-at="2020-03-25T21:05:46 IST" duration-ms="13670" status="PASS">
          <params>
            <param index="0">
              <value>
                <![CDATA[All]]>
              </value>
            </param>
            <param index="1">
              <value>
                <![CDATA[All]]>
              </value>
            </param>
            <param index="2">
              <value>
                <![CDATA[Closed]]>
              </value>
            </param>
            <param index="3">
              <value>
                <![CDATA[All]]>
              </value>
            </param>
            <param index="4">
              <value>
                <![CDATA[All]]>
              </value>
            </param>
            <param index="5">
              <value>
                <![CDATA[Closed]]>
              </value>
            </param>
          </params>
          <reporter-output>
          </reporter-output>
        </test-method> <!-- f -->
        <test-method is-config="true" signature="afterMethod()[pri:0, instance:TESTCASES.test_chrome@5b0abc94]" started-at="2020-03-25T21:05:46 IST" name="afterMethod" finished-at="2020-03-25T21:05:49 IST" duration-ms="3065" status="PASS">
          <reporter-output>
          </reporter-output>
        </test-method> <!-- afterMethod -->
        <test-method is-config="true" signature="beforeMethod()[pri:0, instance:TESTCASES.test_chrome@5b0abc94]" started-at="2020-03-25T21:05:49 IST" name="beforeMethod" finished-at="2020-03-25T21:06:08 IST" duration-ms="19746" status="PASS">
          <reporter-output>
          </reporter-output>
        </test-method> <!-- beforeMethod -->
        <test-method signature="f(java.lang.String, java.lang.String, java.lang.String, java.lang.String, java.lang.String, java.lang.String)[pri:0, instance:TESTCASES.test_chrome@5b0abc94]" started-at="2020-03-25T21:06:08 IST" name="f" data-provider="dp" finished-at="2020-03-25T21:06:23 IST" duration-ms="14750" status="PASS">
          <params>
            <param index="0">
              <value>
                <![CDATA[All]]>
              </value>
            </param>
            <param index="1">
              <value>
                <![CDATA[All]]>
              </value>
            </param>
            <param index="2">
              <value>
                <![CDATA[All]]>
              </value>
            </param>
            <param index="3">
              <value>
                <![CDATA[Issue]]>
              </value>
            </param>
            <param index="4">
              <value>
                <![CDATA[All]]>
              </value>
            </param>
            <param index="5">
              <value>
                <![CDATA[Issue]]>
              </value>
            </param>
          </params>
          <reporter-output>
          </reporter-output>
        </test-method> <!-- f -->
        <test-method is-config="true" signature="afterMethod()[pri:0, instance:TESTCASES.test_chrome@5b0abc94]" started-at="2020-03-25T21:06:23 IST" name="afterMethod" finished-at="2020-03-25T21:06:26 IST" duration-ms="3201" status="PASS">
          <reporter-output>
          </reporter-output>
        </test-method> <!-- afterMethod -->
        <test-method is-config="true" signature="beforeMethod()[pri:0, instance:TESTCASES.test_chrome@5b0abc94]" started-at="2020-03-25T21:06:26 IST" name="beforeMethod" finished-at="2020-03-25T21:06:46 IST" duration-ms="19751" status="PASS">
          <reporter-output>
          </reporter-output>
        </test-method> <!-- beforeMethod -->
        <test-method signature="f(java.lang.String, java.lang.String, java.lang.String, java.lang.String, java.lang.String, java.lang.String)[pri:0, instance:TESTCASES.test_chrome@5b0abc94]" started-at="2020-03-25T21:06:46 IST" name="f" data-provider="dp" finished-at="2020-03-25T21:06:55 IST" duration-ms="8989" status="PASS">
          <params>
            <param index="0">
              <value>
                <![CDATA[All]]>
              </value>
            </param>
            <param index="1">
              <value>
                <![CDATA[All]]>
              </value>
            </param>
            <param index="2">
              <value>
                <![CDATA[All]]>
              </value>
            </param>
            <param index="3">
              <value>
                <![CDATA[All]]>
              </value>
            </param>
            <param index="4">
              <value>
                <![CDATA[Alexander Atkinson]]>
              </value>
            </param>
            <param index="5">
              <value>
                <![CDATA[Alexander Atkinson]]>
              </value>
            </param>
          </params>
          <reporter-output>
          </reporter-output>
        </test-method> <!-- f -->
        <test-method is-config="true" signature="afterMethod()[pri:0, instance:TESTCASES.test_chrome@5b0abc94]" started-at="2020-03-25T21:06:55 IST" name="afterMethod" finished-at="2020-03-25T21:06:56 IST" duration-ms="1082" status="PASS">
          <reporter-output>
          </reporter-output>
        </test-method> <!-- afterMethod -->
      </class> <!-- TESTCASES.test_chrome -->
      <class name="TESTCASES.test_firefox">
        <test-method is-config="true" signature="beforeMethod()[pri:0, instance:TESTCASES.test_firefox@75c072cb]" started-at="2020-03-25T21:06:56 IST" name="beforeMethod" finished-at="2020-03-25T21:08:02 IST" duration-ms="65720" status="PASS">
          <reporter-output>
          </reporter-output>
        </test-method> <!-- beforeMethod -->
        <test-method signature="f(java.lang.String, java.lang.String, java.lang.String, java.lang.String, java.lang.String, java.lang.String)[pri:0, instance:TESTCASES.test_firefox@75c072cb]" started-at="2020-03-25T21:08:02 IST" name="f" data-provider="dp" finished-at="2020-03-25T21:08:14 IST" duration-ms="12133" status="PASS">
          <params>
            <param index="0">
              <value>
                <![CDATA[CodeCharge]]>
              </value>
            </param>
            <param index="1">
              <value>
                <![CDATA[All]]>
              </value>
            </param>
            <param index="2">
              <value>
                <![CDATA[All]]>
              </value>
            </param>
            <param index="3">
              <value>
                <![CDATA[All]]>
              </value>
            </param>
            <param index="4">
              <value>
                <![CDATA[All]]>
              </value>
            </param>
            <param index="5">
              <value>
                <![CDATA[CodeCharge]]>
              </value>
            </param>
          </params>
          <reporter-output>
          </reporter-output>
        </test-method> <!-- f -->
        <test-method is-config="true" signature="afterMethod()[pri:0, instance:TESTCASES.test_firefox@75c072cb]" started-at="2020-03-25T21:08:14 IST" name="afterMethod" finished-at="2020-03-25T21:08:26 IST" duration-ms="11717" status="PASS">
          <reporter-output>
          </reporter-output>
        </test-method> <!-- afterMethod -->
        <test-method is-config="true" signature="beforeMethod()[pri:0, instance:TESTCASES.test_firefox@75c072cb]" started-at="2020-03-25T21:08:26 IST" name="beforeMethod" finished-at="2020-03-25T21:08:47 IST" duration-ms="21004" status="PASS">
          <reporter-output>
          </reporter-output>
        </test-method> <!-- beforeMethod -->
        <test-method signature="f(java.lang.String, java.lang.String, java.lang.String, java.lang.String, java.lang.String, java.lang.String)[pri:0, instance:TESTCASES.test_firefox@75c072cb]" started-at="2020-03-25T21:08:47 IST" name="f" data-provider="dp" finished-at="2020-03-25T21:08:56 IST" duration-ms="9147" status="PASS">
          <params>
            <param index="0">
              <value>
                <![CDATA[All]]>
              </value>
            </param>
            <param index="1">
              <value>
                <![CDATA[High]]>
              </value>
            </param>
            <param index="2">
              <value>
                <![CDATA[All]]>
              </value>
            </param>
            <param index="3">
              <value>
                <![CDATA[All]]>
              </value>
            </param>
            <param index="4">
              <value>
                <![CDATA[All]]>
              </value>
            </param>
            <param index="5">
              <value>
                <![CDATA[High]]>
              </value>
            </param>
          </params>
          <reporter-output>
          </reporter-output>
        </test-method> <!-- f -->
        <test-method is-config="true" signature="afterMethod()[pri:0, instance:TESTCASES.test_firefox@75c072cb]" started-at="2020-03-25T21:08:56 IST" name="afterMethod" finished-at="2020-03-25T21:09:02 IST" duration-ms="6457" status="PASS">
          <reporter-output>
          </reporter-output>
        </test-method> <!-- afterMethod -->
        <test-method is-config="true" signature="beforeMethod()[pri:0, instance:TESTCASES.test_firefox@75c072cb]" started-at="2020-03-25T21:09:02 IST" name="beforeMethod" finished-at="2020-03-25T21:09:22 IST" duration-ms="19588" status="PASS">
          <reporter-output>
          </reporter-output>
        </test-method> <!-- beforeMethod -->
        <test-method signature="f(java.lang.String, java.lang.String, java.lang.String, java.lang.String, java.lang.String, java.lang.String)[pri:0, instance:TESTCASES.test_firefox@75c072cb]" started-at="2020-03-25T21:09:22 IST" name="f" data-provider="dp" finished-at="2020-03-25T21:09:32 IST" duration-ms="9633" status="PASS">
          <params>
            <param index="0">
              <value>
                <![CDATA[All]]>
              </value>
            </param>
            <param index="1">
              <value>
                <![CDATA[All]]>
              </value>
            </param>
            <param index="2">
              <value>
                <![CDATA[Closed]]>
              </value>
            </param>
            <param index="3">
              <value>
                <![CDATA[All]]>
              </value>
            </param>
            <param index="4">
              <value>
                <![CDATA[All]]>
              </value>
            </param>
            <param index="5">
              <value>
                <![CDATA[Closed]]>
              </value>
            </param>
          </params>
          <reporter-output>
          </reporter-output>
        </test-method> <!-- f -->
        <test-method is-config="true" signature="afterMethod()[pri:0, instance:TESTCASES.test_firefox@75c072cb]" started-at="2020-03-25T21:09:32 IST" name="afterMethod" finished-at="2020-03-25T21:09:38 IST" duration-ms="6399" status="PASS">
          <reporter-output>
          </reporter-output>
        </test-method> <!-- afterMethod -->
        <test-method is-config="true" signature="beforeMethod()[pri:0, instance:TESTCASES.test_firefox@75c072cb]" started-at="2020-03-25T21:09:38 IST" name="beforeMethod" finished-at="2020-03-25T21:09:58 IST" duration-ms="20360" status="PASS">
          <reporter-output>
          </reporter-output>
        </test-method> <!-- beforeMethod -->
        <test-method signature="f(java.lang.String, java.lang.String, java.lang.String, java.lang.String, java.lang.String, java.lang.String)[pri:0, instance:TESTCASES.test_firefox@75c072cb]" started-at="2020-03-25T21:09:58 IST" name="f" data-provider="dp" finished-at="2020-03-25T21:10:09 IST" duration-ms="11107" status="PASS">
          <params>
            <param index="0">
              <value>
                <![CDATA[All]]>
              </value>
            </param>
            <param index="1">
              <value>
                <![CDATA[All]]>
              </value>
            </param>
            <param index="2">
              <value>
                <![CDATA[All]]>
              </value>
            </param>
            <param index="3">
              <value>
                <![CDATA[Issue]]>
              </value>
            </param>
            <param index="4">
              <value>
                <![CDATA[All]]>
              </value>
            </param>
            <param index="5">
              <value>
                <![CDATA[Issue]]>
              </value>
            </param>
          </params>
          <reporter-output>
          </reporter-output>
        </test-method> <!-- f -->
        <test-method is-config="true" signature="afterMethod()[pri:0, instance:TESTCASES.test_firefox@75c072cb]" started-at="2020-03-25T21:10:09 IST" name="afterMethod" finished-at="2020-03-25T21:10:17 IST" duration-ms="7203" status="PASS">
          <reporter-output>
          </reporter-output>
        </test-method> <!-- afterMethod -->
        <test-method is-config="true" signature="beforeMethod()[pri:0, instance:TESTCASES.test_firefox@75c072cb]" started-at="2020-03-25T21:10:17 IST" name="beforeMethod" finished-at="2020-03-25T21:10:36 IST" duration-ms="19379" status="PASS">
          <reporter-output>
          </reporter-output>
        </test-method> <!-- beforeMethod -->
        <test-method signature="f(java.lang.String, java.lang.String, java.lang.String, java.lang.String, java.lang.String, java.lang.String)[pri:0, instance:TESTCASES.test_firefox@75c072cb]" started-at="2020-03-25T21:10:36 IST" name="f" data-provider="dp" finished-at="2020-03-25T21:10:45 IST" duration-ms="8550" status="PASS">
          <params>
            <param index="0">
              <value>
                <![CDATA[All]]>
              </value>
            </param>
            <param index="1">
              <value>
                <![CDATA[All]]>
              </value>
            </param>
            <param index="2">
              <value>
                <![CDATA[All]]>
              </value>
            </param>
            <param index="3">
              <value>
                <![CDATA[All]]>
              </value>
            </param>
            <param index="4">
              <value>
                <![CDATA[Alexander Atkinson]]>
              </value>
            </param>
            <param index="5">
              <value>
                <![CDATA[Alexander Atkinson]]>
              </value>
            </param>
          </params>
          <reporter-output>
          </reporter-output>
        </test-method> <!-- f -->
        <test-method is-config="true" signature="afterMethod()[pri:0, instance:TESTCASES.test_firefox@75c072cb]" started-at="2020-03-25T21:10:45 IST" name="afterMethod" finished-at="2020-03-25T21:10:51 IST" duration-ms="6055" status="PASS">
          <reporter-output>
          </reporter-output>
        </test-method> <!-- afterMethod -->
      </class> <!-- TESTCASES.test_firefox -->
    </test> <!-- Test -->
  </suite> <!-- Suite -->
</testng-results>
