<?xml version="1.0" encoding="UTF-8"?>
<testng-results ignored="0" total="7" passed="7" failed="0" skipped="0">
  <reporter-output>
  </reporter-output>
  <suite started-at="2020-03-28T16:11:04 IST" name="Default suite" finished-at="2020-03-28T16:13:51 IST" duration-ms="167592">
    <groups>
    </groups>
    <test started-at="2020-03-28T16:11:04 IST" name="Default test" finished-at="2020-03-28T16:13:51 IST" duration-ms="167592">
      <class name="TESTCASES.test_chrome">
        <test-method is-config="true" signature="lanuchBrowser()[pri:0, instance:TESTCASES.test_chrome@49c386c8]" started-at="2020-03-28T16:11:06 IST" name="lanuchBrowser" finished-at="2020-03-28T16:11:30 IST" duration-ms="23411" status="PASS">
          <reporter-output>
          </reporter-output>
        </test-method> <!-- lanuchBrowser -->
        <test-method signature="login_test(java.lang.String, java.lang.String)[pri:0, instance:TESTCASES.test_chrome@49c386c8]" started-at="2020-03-28T16:11:30 IST" name="login_test" data-provider="login" finished-at="2020-03-28T16:11:43 IST" duration-ms="13460" status="PASS">
          <params>
            <param index="0">
              <value>
                <![CDATA[admin]]>
              </value>
            </param>
            <param index="1">
              <value>
                <![CDATA[admin]]>
              </value>
            </param>
          </params>
          <reporter-output>
          </reporter-output>
        </test-method> <!-- login_test -->
        <test-method is-config="true" signature="closeBrowser()[pri:0, instance:TESTCASES.test_chrome@49c386c8]" started-at="2020-03-28T16:11:43 IST" name="closeBrowser" finished-at="2020-03-28T16:11:45 IST" duration-ms="1791" status="PASS">
          <reporter-output>
          </reporter-output>
        </test-method> <!-- closeBrowser -->
        <test-method is-config="true" signature="lanuchBrowser()[pri:0, instance:TESTCASES.test_chrome@49c386c8]" started-at="2020-03-28T16:11:45 IST" name="lanuchBrowser" finished-at="2020-03-28T16:12:01 IST" duration-ms="15312" status="PASS">
          <reporter-output>
          </reporter-output>
        </test-method> <!-- lanuchBrowser -->
        <test-method signature="search_test1(java.lang.String, java.lang.String, java.lang.String, java.lang.String, java.lang.String, java.lang.String)[pri:1, instance:TESTCASES.test_chrome@49c386c8]" started-at="2020-03-28T16:12:01 IST" name="search_test1" data-provider="serch_parameter" finished-at="2020-03-28T16:12:06 IST" duration-ms="5184" status="PASS">
          <params>
            <param index="0">
              <value>
                <![CDATA[CodeCharge]]>
              </value>
            </param>
            <param index="1">
              <value>
                <![CDATA[All]]>
              </value>
            </param>
            <param index="2">
              <value>
                <![CDATA[All]]>
              </value>
            </param>
            <param index="3">
              <value>
                <![CDATA[All]]>
              </value>
            </param>
            <param index="4">
              <value>
                <![CDATA[All]]>
              </value>
            </param>
            <param index="5">
              <value>
                <![CDATA[CodeCharge]]>
              </value>
            </param>
          </params>
          <reporter-output>
          </reporter-output>
        </test-method> <!-- search_test1 -->
        <test-method is-config="true" signature="closeBrowser()[pri:0, instance:TESTCASES.test_chrome@49c386c8]" started-at="2020-03-28T16:12:06 IST" name="closeBrowser" finished-at="2020-03-28T16:12:11 IST" duration-ms="4623" status="PASS">
          <reporter-output>
          </reporter-output>
        </test-method> <!-- closeBrowser -->
        <test-method is-config="true" signature="lanuchBrowser()[pri:0, instance:TESTCASES.test_chrome@49c386c8]" started-at="2020-03-28T16:12:11 IST" name="lanuchBrowser" finished-at="2020-03-28T16:12:28 IST" duration-ms="17672" status="PASS">
          <reporter-output>
          </reporter-output>
        </test-method> <!-- lanuchBrowser -->
        <test-method signature="search_test1(java.lang.String, java.lang.String, java.lang.String, java.lang.String, java.lang.String, java.lang.String)[pri:1, instance:TESTCASES.test_chrome@49c386c8]" started-at="2020-03-28T16:12:28 IST" name="search_test1" data-provider="serch_parameter" finished-at="2020-03-28T16:12:32 IST" duration-ms="3640" status="PASS">
          <params>
            <param index="0">
              <value>
                <![CDATA[All]]>
              </value>
            </param>
            <param index="1">
              <value>
                <![CDATA[High]]>
              </value>
            </param>
            <param index="2">
              <value>
                <![CDATA[All]]>
              </value>
            </param>
            <param index="3">
              <value>
                <![CDATA[All]]>
              </value>
            </param>
            <param index="4">
              <value>
                <![CDATA[All]]>
              </value>
            </param>
            <param index="5">
              <value>
                <![CDATA[High]]>
              </value>
            </param>
          </params>
          <reporter-output>
          </reporter-output>
        </test-method> <!-- search_test1 -->
        <test-method is-config="true" signature="closeBrowser()[pri:0, instance:TESTCASES.test_chrome@49c386c8]" started-at="2020-03-28T16:12:32 IST" name="closeBrowser" finished-at="2020-03-28T16:12:33 IST" duration-ms="955" status="PASS">
          <reporter-output>
          </reporter-output>
        </test-method> <!-- closeBrowser -->
        <test-method is-config="true" signature="lanuchBrowser()[pri:0, instance:TESTCASES.test_chrome@49c386c8]" started-at="2020-03-28T16:12:33 IST" name="lanuchBrowser" finished-at="2020-03-28T16:12:48 IST" duration-ms="15283" status="PASS">
          <reporter-output>
          </reporter-output>
        </test-method> <!-- lanuchBrowser -->
        <test-method signature="search_test1(java.lang.String, java.lang.String, java.lang.String, java.lang.String, java.lang.String, java.lang.String)[pri:1, instance:TESTCASES.test_chrome@49c386c8]" started-at="2020-03-28T16:12:48 IST" name="search_test1" data-provider="serch_parameter" finished-at="2020-03-28T16:12:51 IST" duration-ms="3219" status="PASS">
          <params>
            <param index="0">
              <value>
                <![CDATA[All]]>
              </value>
            </param>
            <param index="1">
              <value>
                <![CDATA[All]]>
              </value>
            </param>
            <param index="2">
              <value>
                <![CDATA[Closed]]>
              </value>
            </param>
            <param index="3">
              <value>
                <![CDATA[All]]>
              </value>
            </param>
            <param index="4">
              <value>
                <![CDATA[All]]>
              </value>
            </param>
            <param index="5">
              <value>
                <![CDATA[Closed]]>
              </value>
            </param>
          </params>
          <reporter-output>
          </reporter-output>
        </test-method> <!-- search_test1 -->
        <test-method is-config="true" signature="closeBrowser()[pri:0, instance:TESTCASES.test_chrome@49c386c8]" started-at="2020-03-28T16:12:51 IST" name="closeBrowser" finished-at="2020-03-28T16:12:54 IST" duration-ms="2171" status="PASS">
          <reporter-output>
          </reporter-output>
        </test-method> <!-- closeBrowser -->
        <test-method is-config="true" signature="lanuchBrowser()[pri:0, instance:TESTCASES.test_chrome@49c386c8]" started-at="2020-03-28T16:12:54 IST" name="lanuchBrowser" finished-at="2020-03-28T16:13:08 IST" duration-ms="14745" status="PASS">
          <reporter-output>
          </reporter-output>
        </test-method> <!-- lanuchBrowser -->
        <test-method signature="serch_test(java.lang.String, java.lang.String, java.lang.String, java.lang.String, java.lang.String, java.lang.String)[pri:2, instance:TESTCASES.test_chrome@49c386c8]" started-at="2020-03-28T16:13:08 IST" name="serch_test" data-provider="project_serch" finished-at="2020-03-28T16:13:13 IST" duration-ms="4841" status="PASS">
          <params>
            <param index="0">
              <value>
                <![CDATA[Test this project]]>
              </value>
            </param>
            <param index="1">
              <value>
                <![CDATA[Test Project]]>
              </value>
            </param>
            <param index="2">
              <value>
                <![CDATA[High]]>
              </value>
            </param>
            <param index="3">
              <value>
                <![CDATA[In progress]]>
              </value>
            </param>
            <param index="4">
              <value>
                <![CDATA[Task]]>
              </value>
            </param>
            <param index="5">
              <value>
                <![CDATA[Ken Price]]>
              </value>
            </param>
          </params>
          <reporter-output>
          </reporter-output>
        </test-method> <!-- serch_test -->
        <test-method is-config="true" signature="closeBrowser()[pri:0, instance:TESTCASES.test_chrome@49c386c8]" started-at="2020-03-28T16:13:13 IST" name="closeBrowser" finished-at="2020-03-28T16:13:15 IST" duration-ms="1299" status="PASS">
          <reporter-output>
          </reporter-output>
        </test-method> <!-- closeBrowser -->
        <test-method is-config="true" signature="lanuchBrowser()[pri:0, instance:TESTCASES.test_chrome@49c386c8]" started-at="2020-03-28T16:13:15 IST" name="lanuchBrowser" finished-at="2020-03-28T16:13:29 IST" duration-ms="14807" status="PASS">
          <reporter-output>
          </reporter-output>
        </test-method> <!-- lanuchBrowser -->
        <test-method signature="serch_test(java.lang.String, java.lang.String, java.lang.String, java.lang.String, java.lang.String, java.lang.String)[pri:2, instance:TESTCASES.test_chrome@49c386c8]" started-at="2020-03-28T16:13:29 IST" name="serch_test" data-provider="project_serch" finished-at="2020-03-28T16:13:32 IST" duration-ms="2881" status="PASS">
          <params>
            <param index="0">
              <value>
                <![CDATA[Get armed]]>
              </value>
            </param>
            <param index="1">
              <value>
                <![CDATA[Test Project]]>
              </value>
            </param>
            <param index="2">
              <value>
                <![CDATA[Highest]]>
              </value>
            </param>
            <param index="3">
              <value>
                <![CDATA[On hold]]>
              </value>
            </param>
            <param index="4">
              <value>
                <![CDATA[Task]]>
              </value>
            </param>
            <param index="5">
              <value>
                <![CDATA[Helen Deering]]>
              </value>
            </param>
          </params>
          <reporter-output>
          </reporter-output>
        </test-method> <!-- serch_test -->
        <test-method is-config="true" signature="closeBrowser()[pri:0, instance:TESTCASES.test_chrome@49c386c8]" started-at="2020-03-28T16:13:32 IST" name="closeBrowser" finished-at="2020-03-28T16:13:33 IST" duration-ms="1075" status="PASS">
          <reporter-output>
          </reporter-output>
        </test-method> <!-- closeBrowser -->
        <test-method is-config="true" signature="lanuchBrowser()[pri:0, instance:TESTCASES.test_chrome@49c386c8]" started-at="2020-03-28T16:13:33 IST" name="lanuchBrowser" finished-at="2020-03-28T16:13:47 IST" duration-ms="13758" status="PASS">
          <reporter-output>
          </reporter-output>
        </test-method> <!-- lanuchBrowser -->
        <test-method signature="serch_test(java.lang.String, java.lang.String, java.lang.String, java.lang.String, java.lang.String, java.lang.String)[pri:2, instance:TESTCASES.test_chrome@49c386c8]" started-at="2020-03-28T16:13:47 IST" name="serch_test" data-provider="project_serch" finished-at="2020-03-28T16:13:50 IST" duration-ms="3301" status="PASS">
          <params>
            <param index="0">
              <value>
                <![CDATA[Great Project needs to be greater]]>
              </value>
            </param>
            <param index="1">
              <value>
                <![CDATA[CodeCharge]]>
              </value>
            </param>
            <param index="2">
              <value>
                <![CDATA[High]]>
              </value>
            </param>
            <param index="3">
              <value>
                <![CDATA[On hold]]>
              </value>
            </param>
            <param index="4">
              <value>
                <![CDATA[Issue]]>
              </value>
            </param>
            <param index="5">
              <value>
                <![CDATA[Helen Deering]]>
              </value>
            </param>
          </params>
          <reporter-output>
          </reporter-output>
        </test-method> <!-- serch_test -->
        <test-method is-config="true" signature="closeBrowser()[pri:0, instance:TESTCASES.test_chrome@49c386c8]" started-at="2020-03-28T16:13:50 IST" name="closeBrowser" finished-at="2020-03-28T16:13:51 IST" duration-ms="857" status="PASS">
          <reporter-output>
          </reporter-output>
        </test-method> <!-- closeBrowser -->
      </class> <!-- TESTCASES.test_chrome -->
    </test> <!-- Default test -->
  </suite> <!-- Default suite -->
</testng-results>
