<?xml version="1.0" encoding="UTF-8"?>
<testng-results ignored="0" total="5" passed="4" failed="1" skipped="0">
  <reporter-output>
  </reporter-output>
  <suite started-at="2020-03-25T20:52:26 IST" name="Default suite" finished-at="2020-03-25T20:54:56 IST" duration-ms="149564">
    <groups>
    </groups>
    <test started-at="2020-03-25T20:52:26 IST" name="Default test" finished-at="2020-03-25T20:54:56 IST" duration-ms="149564">
      <class name="TESTCASES.NewTest">
        <test-method is-config="true" signature="beforeMethod()[pri:0, instance:TESTCASES.NewTest@2b6faea6]" started-at="2020-03-25T20:52:29 IST" name="beforeMethod" finished-at="2020-03-25T20:52:46 IST" duration-ms="17334" status="PASS">
          <reporter-output>
          </reporter-output>
        </test-method> <!-- beforeMethod -->
        <test-method signature="f(java.lang.String, java.lang.String, java.lang.String, java.lang.String, java.lang.String, java.lang.String)[pri:0, instance:TESTCASES.NewTest@2b6faea6]" started-at="2020-03-25T20:52:46 IST" name="f" data-provider="dp" finished-at="2020-03-25T20:52:55 IST" duration-ms="8320" status="PASS">
          <params>
            <param index="0">
              <value>
                <![CDATA[CodeCharge]]>
              </value>
            </param>
            <param index="1">
              <value>
                <![CDATA[All]]>
              </value>
            </param>
            <param index="2">
              <value>
                <![CDATA[All]]>
              </value>
            </param>
            <param index="3">
              <value>
                <![CDATA[All]]>
              </value>
            </param>
            <param index="4">
              <value>
                <![CDATA[All]]>
              </value>
            </param>
            <param index="5">
              <value>
                <![CDATA[CodeCharge]]>
              </value>
            </param>
          </params>
          <reporter-output>
          </reporter-output>
        </test-method> <!-- f -->
        <test-method is-config="true" signature="afterMethod()[pri:0, instance:TESTCASES.NewTest@2b6faea6]" started-at="2020-03-25T20:52:55 IST" name="afterMethod" finished-at="2020-03-25T20:52:56 IST" duration-ms="1183" status="PASS">
          <reporter-output>
          </reporter-output>
        </test-method> <!-- afterMethod -->
        <test-method is-config="true" signature="beforeMethod()[pri:0, instance:TESTCASES.NewTest@2b6faea6]" started-at="2020-03-25T20:52:56 IST" name="beforeMethod" finished-at="2020-03-25T20:53:09 IST" duration-ms="13207" status="PASS">
          <reporter-output>
          </reporter-output>
        </test-method> <!-- beforeMethod -->
        <test-method signature="f(java.lang.String, java.lang.String, java.lang.String, java.lang.String, java.lang.String, java.lang.String)[pri:0, instance:TESTCASES.NewTest@2b6faea6]" started-at="2020-03-25T20:53:09 IST" name="f" data-provider="dp" finished-at="2020-03-25T20:53:17 IST" duration-ms="7984" status="PASS">
          <params>
            <param index="0">
              <value>
                <![CDATA[All]]>
              </value>
            </param>
            <param index="1">
              <value>
                <![CDATA[High]]>
              </value>
            </param>
            <param index="2">
              <value>
                <![CDATA[All]]>
              </value>
            </param>
            <param index="3">
              <value>
                <![CDATA[All]]>
              </value>
            </param>
            <param index="4">
              <value>
                <![CDATA[All]]>
              </value>
            </param>
            <param index="5">
              <value>
                <![CDATA[High]]>
              </value>
            </param>
          </params>
          <reporter-output>
          </reporter-output>
        </test-method> <!-- f -->
        <test-method is-config="true" signature="afterMethod()[pri:0, instance:TESTCASES.NewTest@2b6faea6]" started-at="2020-03-25T20:53:17 IST" name="afterMethod" finished-at="2020-03-25T20:53:18 IST" duration-ms="1315" status="PASS">
          <reporter-output>
          </reporter-output>
        </test-method> <!-- afterMethod -->
        <test-method is-config="true" signature="beforeMethod()[pri:0, instance:TESTCASES.NewTest@2b6faea6]" started-at="2020-03-25T20:53:18 IST" name="beforeMethod" finished-at="2020-03-25T20:53:34 IST" duration-ms="15316" status="PASS">
          <reporter-output>
          </reporter-output>
        </test-method> <!-- beforeMethod -->
        <test-method signature="f(java.lang.String, java.lang.String, java.lang.String, java.lang.String, java.lang.String, java.lang.String)[pri:0, instance:TESTCASES.NewTest@2b6faea6]" started-at="2020-03-25T20:53:34 IST" name="f" data-provider="dp" finished-at="2020-03-25T20:53:41 IST" duration-ms="7734" status="PASS">
          <params>
            <param index="0">
              <value>
                <![CDATA[All]]>
              </value>
            </param>
            <param index="1">
              <value>
                <![CDATA[All]]>
              </value>
            </param>
            <param index="2">
              <value>
                <![CDATA[Closed]]>
              </value>
            </param>
            <param index="3">
              <value>
                <![CDATA[All]]>
              </value>
            </param>
            <param index="4">
              <value>
                <![CDATA[All]]>
              </value>
            </param>
            <param index="5">
              <value>
                <![CDATA[Closed]]>
              </value>
            </param>
          </params>
          <reporter-output>
          </reporter-output>
        </test-method> <!-- f -->
        <test-method is-config="true" signature="afterMethod()[pri:0, instance:TESTCASES.NewTest@2b6faea6]" started-at="2020-03-25T20:53:41 IST" name="afterMethod" finished-at="2020-03-25T20:53:42 IST" duration-ms="1050" status="PASS">
          <reporter-output>
          </reporter-output>
        </test-method> <!-- afterMethod -->
        <test-method is-config="true" signature="beforeMethod()[pri:0, instance:TESTCASES.NewTest@2b6faea6]" started-at="2020-03-25T20:53:42 IST" name="beforeMethod" finished-at="2020-03-25T20:53:57 IST" duration-ms="15053" status="PASS">
          <reporter-output>
          </reporter-output>
        </test-method> <!-- beforeMethod -->
        <test-method signature="f(java.lang.String, java.lang.String, java.lang.String, java.lang.String, java.lang.String, java.lang.String)[pri:0, instance:TESTCASES.NewTest@2b6faea6]" started-at="2020-03-25T20:53:57 IST" name="f" data-provider="dp" finished-at="2020-03-25T20:54:05 IST" duration-ms="7954" status="PASS">
          <params>
            <param index="0">
              <value>
                <![CDATA[All]]>
              </value>
            </param>
            <param index="1">
              <value>
                <![CDATA[All]]>
              </value>
            </param>
            <param index="2">
              <value>
                <![CDATA[All]]>
              </value>
            </param>
            <param index="3">
              <value>
                <![CDATA[Issue]]>
              </value>
            </param>
            <param index="4">
              <value>
                <![CDATA[All]]>
              </value>
            </param>
            <param index="5">
              <value>
                <![CDATA[Issue]]>
              </value>
            </param>
          </params>
          <reporter-output>
          </reporter-output>
        </test-method> <!-- f -->
        <test-method is-config="true" signature="afterMethod()[pri:0, instance:TESTCASES.NewTest@2b6faea6]" started-at="2020-03-25T20:54:05 IST" name="afterMethod" finished-at="2020-03-25T20:54:07 IST" duration-ms="1560" status="PASS">
          <reporter-output>
          </reporter-output>
        </test-method> <!-- afterMethod -->
        <test-method is-config="true" signature="beforeMethod()[pri:0, instance:TESTCASES.NewTest@2b6faea6]" started-at="2020-03-25T20:54:07 IST" name="beforeMethod" finished-at="2020-03-25T20:54:23 IST" duration-ms="16536" status="PASS">
          <reporter-output>
          </reporter-output>
        </test-method> <!-- beforeMethod -->
        <test-method signature="f(java.lang.String, java.lang.String, java.lang.String, java.lang.String, java.lang.String, java.lang.String)[pri:0, instance:TESTCASES.NewTest@2b6faea6]" started-at="2020-03-25T20:54:23 IST" name="f" data-provider="dp" finished-at="2020-03-25T20:54:51 IST" duration-ms="27851" status="FAIL">
          <params>
            <param index="0">
              <value>
                <![CDATA[All]]>
              </value>
            </param>
            <param index="1">
              <value>
                <![CDATA[All]]>
              </value>
            </param>
            <param index="2">
              <value>
                <![CDATA[All]]>
              </value>
            </param>
            <param index="3">
              <value>
                <![CDATA[All]]>
              </value>
            </param>
            <param index="4">
              <value>
                <![CDATA[Peter Larsen]]>
              </value>
            </param>
            <param index="5">
              <value>
                <![CDATA[Peter Larsen]]>
              </value>
            </param>
          </params>
          <exception class="org.openqa.selenium.NoSuchElementException">
            <message>
              <![CDATA[no such element: Unable to locate element: {"method":"xpath","selector":"//table[@class='Grid']/tbody/tr[2]/td[6]"}
  (Session info: chrome=80.0.3987.149)
For documentation on this error, please visit: https://www.seleniumhq.org/exceptions/no_such_element.html
Build info: version: '3.141.59', revision: 'e82be7d358', time: '2018-11-14T08:17:03'
System info: host: 'LAPTOP-CVR9HVBP', ip: '192.168.43.5', os.name: 'Windows 10', os.arch: 'amd64', os.version: '10.0', java.version: '13.0.1'
Driver info: org.openqa.selenium.chrome.ChromeDriver
Capabilities {acceptInsecureCerts: false, browserName: chrome, browserVersion: 80.0.3987.149, chrome: {chromedriverVersion: 79.0.3945.36 (3582db32b3389..., userDataDir: C:\Users\UTTAMB~1\AppData\L...}, goog:chromeOptions: {debuggerAddress: localhost:58965}, javascriptEnabled: true, networkConnectionEnabled: false, pageLoadStrategy: normal, platform: WINDOWS, platformName: WINDOWS, proxy: Proxy(), setWindowRect: true, strictFileInteractability: false, timeouts: {implicit: 0, pageLoad: 300000, script: 30000}, unhandledPromptBehavior: dismiss and notify}
Session ID: 7bef6a6dbbc95c5d2bbed4372431238e
*** Element info: {Using=xpath, value=//table[@class='Grid']/tbody/tr[2]/td[6]}]]>
            </message>
            <full-stacktrace>
              <![CDATA[org.openqa.selenium.NoSuchElementException: no such element: Unable to locate element: {"method":"xpath","selector":"//table[@class='Grid']/tbody/tr[2]/td[6]"}
  (Session info: chrome=80.0.3987.149)
For documentation on this error, please visit: https://www.seleniumhq.org/exceptions/no_such_element.html
Build info: version: '3.141.59', revision: 'e82be7d358', time: '2018-11-14T08:17:03'
System info: host: 'LAPTOP-CVR9HVBP', ip: '192.168.43.5', os.name: 'Windows 10', os.arch: 'amd64', os.version: '10.0', java.version: '13.0.1'
Driver info: org.openqa.selenium.chrome.ChromeDriver
Capabilities {acceptInsecureCerts: false, browserName: chrome, browserVersion: 80.0.3987.149, chrome: {chromedriverVersion: 79.0.3945.36 (3582db32b3389..., userDataDir: C:\Users\UTTAMB~1\AppData\L...}, goog:chromeOptions: {debuggerAddress: localhost:58965}, javascriptEnabled: true, networkConnectionEnabled: false, pageLoadStrategy: normal, platform: WINDOWS, platformName: WINDOWS, proxy: Proxy(), setWindowRect: true, strictFileInteractability: false, timeouts: {implicit: 0, pageLoad: 300000, script: 30000}, unhandledPromptBehavior: dismiss and notify}
Session ID: 7bef6a6dbbc95c5d2bbed4372431238e
*** Element info: {Using=xpath, value=//table[@class='Grid']/tbody/tr[2]/td[6]}
at java.base/jdk.internal.reflect.NativeConstructorAccessorImpl.newInstance0(Native Method)
at java.base/jdk.internal.reflect.NativeConstructorAccessorImpl.newInstance(NativeConstructorAccessorImpl.java:62)
at java.base/jdk.internal.reflect.DelegatingConstructorAccessorImpl.newInstance(DelegatingConstructorAccessorImpl.java:45)
at java.base/java.lang.reflect.Constructor.newInstanceWithCaller(Constructor.java:500)
at java.base/java.lang.reflect.Constructor.newInstance(Constructor.java:481)
at org.openqa.selenium.remote.http.W3CHttpResponseCodec.createException(W3CHttpResponseCodec.java:187)
at org.openqa.selenium.remote.http.W3CHttpResponseCodec.decode(W3CHttpResponseCodec.java:122)
at org.openqa.selenium.remote.http.W3CHttpResponseCodec.decode(W3CHttpResponseCodec.java:49)
at org.openqa.selenium.remote.HttpCommandExecutor.execute(HttpCommandExecutor.java:158)
at org.openqa.selenium.remote.service.DriverCommandExecutor.execute(DriverCommandExecutor.java:83)
at org.openqa.selenium.remote.RemoteWebDriver.execute(RemoteWebDriver.java:552)
at org.openqa.selenium.remote.RemoteWebDriver.findElement(RemoteWebDriver.java:323)
at org.openqa.selenium.remote.RemoteWebDriver.findElementByXPath(RemoteWebDriver.java:428)
at org.openqa.selenium.By$ByXPath.findElement(By.java:353)
at org.openqa.selenium.remote.RemoteWebDriver.findElement(RemoteWebDriver.java:315)
at pages.serch.table_result(serch.java:61)
at TESTCASES.NewTest.f(NewTest.java:28)
at java.base/jdk.internal.reflect.NativeMethodAccessorImpl.invoke0(Native Method)
at java.base/jdk.internal.reflect.NativeMethodAccessorImpl.invoke(NativeMethodAccessorImpl.java:62)
at java.base/jdk.internal.reflect.DelegatingMethodAccessorImpl.invoke(DelegatingMethodAccessorImpl.java:43)
at java.base/java.lang.reflect.Method.invoke(Method.java:567)
at org.testng.internal.MethodInvocationHelper.invokeMethod(MethodInvocationHelper.java:135)
at org.testng.internal.TestInvoker.invokeMethod(TestInvoker.java:598)
at org.testng.internal.TestInvoker.invokeTestMethod(TestInvoker.java:174)
at org.testng.internal.MethodRunner.runInSequence(MethodRunner.java:46)
at org.testng.internal.TestInvoker$MethodInvocationAgent.invoke(TestInvoker.java:821)
at org.testng.internal.TestInvoker.invokeTestMethods(TestInvoker.java:147)
at org.testng.internal.TestMethodWorker.invokeTestMethods(TestMethodWorker.java:146)
at org.testng.internal.TestMethodWorker.run(TestMethodWorker.java:128)
at java.base/java.util.ArrayList.forEach(ArrayList.java:1507)
at org.testng.TestRunner.privateRun(TestRunner.java:767)
at org.testng.TestRunner.run(TestRunner.java:588)
at org.testng.SuiteRunner.runTest(SuiteRunner.java:384)
at org.testng.SuiteRunner.runSequentially(SuiteRunner.java:378)
at org.testng.SuiteRunner.privateRun(SuiteRunner.java:337)
at org.testng.SuiteRunner.run(SuiteRunner.java:286)
at org.testng.SuiteRunnerWorker.runSuite(SuiteRunnerWorker.java:53)
at org.testng.SuiteRunnerWorker.run(SuiteRunnerWorker.java:96)
at org.testng.TestNG.runSuitesSequentially(TestNG.java:1214)
at org.testng.TestNG.runSuitesLocally(TestNG.java:1136)
at org.testng.TestNG.runSuites(TestNG.java:1066)
at org.testng.TestNG.run(TestNG.java:1034)
at org.testng.remote.AbstractRemoteTestNG.run(AbstractRemoteTestNG.java:115)
at org.testng.remote.RemoteTestNG.initAndRun(RemoteTestNG.java:251)
at org.testng.remote.RemoteTestNG.main(RemoteTestNG.java:77)
]]>
            </full-stacktrace>
          </exception> <!-- org.openqa.selenium.NoSuchElementException -->
          <reporter-output>
          </reporter-output>
        </test-method> <!-- f -->
        <test-method is-config="true" signature="afterMethod()[pri:0, instance:TESTCASES.NewTest@2b6faea6]" started-at="2020-03-25T20:54:51 IST" name="afterMethod" finished-at="2020-03-25T20:54:56 IST" duration-ms="4395" status="PASS">
          <reporter-output>
          </reporter-output>
        </test-method> <!-- afterMethod -->
      </class> <!-- TESTCASES.NewTest -->
    </test> <!-- Default test -->
  </suite> <!-- Default suite -->
</testng-results>
